<?xml version="1.0" encoding="UTF-8"?>
<!-- Generated by org.testng.reporters.JUnitXMLReporter -->
<testsuite hostname="PR020921" ignored="0" name="Sar" tests="8" failures="0" timestamp="23 Nov 2017 10:44:25 GMT" time="132.314" errors="0">
  <testcase name="AB7190VisitTheDepartmentWebsite" time="23.287" classname="discovery.Sar.Sar_AB7190VisitTheDepartmentWebsite"/>
  <testcase name="CAB1343025Retention" time="12.256" classname="discovery.Sar.Sar_CAB1343025Retention"/>
  <testcase name="DPP23289FoiRequest" time="19.497" classname="discovery.Sar.Sar_DPP23289FoiRequest"/>
  <testcase name="HO4051079FoiRequest" time="15.394" classname="discovery.Sar.Sar_HO4051079FoiRequest"/>
  <testcase name="HO45237211FoiRequest" time="16.383" classname="discovery.Sar.Sar_HO45237211FoiRequest"/>
  <testcase name="J24312FoiRequest" time="14.61" classname="discovery.Sar.Sar_J24312FoiRequest"/>
  <testcase name="LEV2226ZFoiRequest" time="15.51" classname="discovery.Sar.Sar_LEV2226ZFoiRequest"/>
  <testcase name="RW33FQZFoiRequest" time="15.375" classname="discovery.Sar.Sar_RW33FQZFoiRequest"/>
</testsuite> <!-- Sar -->
