<?xml version="1.0" encoding="UTF-8"?>
<testng-results skipped="0" failed="0" ignored="0" total="1" passed="1">
  <reporter-output>
  </reporter-output>
  <suite name="Default suite" duration-ms="8690" started-at="2017-11-23T11:45:51Z" finished-at="2017-11-23T11:46:00Z">
    <groups>
    </groups>
    <test name="Default test" duration-ms="8690" started-at="2017-11-23T11:45:51Z" finished-at="2017-11-23T11:46:00Z">
      <class name="discovery.DetailPageOnTest.DetailPage_CouldThisPageBeImproved_Yes">
        <test-method status="PASS" signature="DetailPage_CouldThisPageBeImproved_Yes()[pri:0, instance:discovery.DetailPageOnTest.DetailPage_CouldThisPageBeImproved_Yes@102b3b1]" name="DetailPage_CouldThisPageBeImproved_Yes" duration-ms="8670" started-at="2017-11-23T11:45:51Z" finished-at="2017-11-23T11:46:00Z">
          <reporter-output>
          </reporter-output>
        </test-method> <!-- DetailPage_CouldThisPageBeImproved_Yes -->
      </class> <!-- discovery.DetailPageOnTest.DetailPage_CouldThisPageBeImproved_Yes -->
    </test> <!-- Default test -->
  </suite> <!-- Default suite -->
</testng-results>
