<?xml version="1.0" encoding="UTF-8"?>
<!-- Generated by org.testng.reporters.JUnitXMLReporter -->
<testsuite hostname="PR020921" ignored="0" name="BasicSearchOnTest" tests="14" failures="0" timestamp="23 Nov 2017 11:24:40 GMT" time="475.121" errors="0">
  <testcase name="VerifyCollectionAndSubjects" time="32.966" classname="discovery.BasicSearchOnTest.BS_FilterResult_VerifyCollectionAndSubjects"/>
  <testcase name="ExportFirst1000RecordCreatorAsHTML" time="48.628" classname="discovery.BasicSearchOnTest.BS_GreaterThan10000_ExportFirst1000RecordCreatorAsHTML"/>
  <testcase name="Export1000RecordCreatorAsXML" time="36.848" classname="discovery.BasicSearchOnTest.BS_LessThan10000_Export1000RecordCreatorAsXML"/>
  <testcase name="Export1000RecordsAsXML" time="41.282" classname="discovery.BasicSearchOnTest.BS_LessThan10000_Export1000RecordsAsXML"/>
  <testcase name="ExportAllRecordCreatorsAsCSV" time="40.504" classname="discovery.BasicSearchOnTest.BS_LessThan10000_ExportAllRecordCreatorsAsCSV"/>
  <testcase name="SortedBy_Alldropdowns" time="37.522" classname="discovery.BasicSearchOnTest.BS_LessThan10000_SortedBy_Alldropdowns"/>
  <testcase name="LessThan10000_SortedBy_Reference" time="30.073" classname="discovery.BasicSearchOnTest.BS_LessThan10000_SortedBy_Reference"/>
  <testcase name="LessThan10000ExportAllRecordsAsCSV" time="44.73" classname="discovery.BasicSearchOnTest.BS_LessThan10000ExportAllRecordsAsCSV"/>
  <testcase name="RecordCreator_filterresult" time="21.554" classname="discovery.BasicSearchOnTest.BS_RecordCreator_filterresult"/>
  <testcase name="VerifyTotalNoOfRRecordsAndRecordCreators" time="32.331" classname="discovery.BasicSearchOnTest.BS_VerifyTotalNoOfRRecordsAndRecordCreators"/>
  <testcase name="VerifyTotalNoOfRecordsEachLink" time="40.309" classname="discovery.BasicSearchOnTest.BS_VerifyTotalNoOfRecordsEachLink"/>
  <testcase name="defalutRecordsPerPage" time="0.042" classname="discovery.BasicSearchOnTest.BS_NoOfRecordsPerPage15And30And60"/>
  <testcase name="click30" time="6.377" classname="discovery.BasicSearchOnTest.BS_NoOfRecordsPerPage15And30And60"/>
  <testcase name="click60" time="4.133" classname="discovery.BasicSearchOnTest.BS_NoOfRecordsPerPage15And30And60"/>
</testsuite> <!-- BasicSearchOnTest -->
