<?xml version="1.0" encoding="UTF-8"?>
<!-- Generated by org.testng.reporters.JUnitXMLReporter -->
<testsuite hostname="PR020921" ignored="0" name="BrowseOnTest" tests="4" failures="0" timestamp="23 Nov 2017 11:33:38 GMT" time="48.558" errors="0">
  <testcase name="Browse_Archives" time="9.094" classname="discovery.BrowseOnTest.Browse_Archives"/>
  <testcase name="recordCreators" time="18.331" classname="discovery.BrowseOnTest.Record_Creators"/>
  <testcase name="otherArchives" time="8.523" classname="discovery.BrowseOnTest.Records_Of_OtherArchives"/>
  <testcase name="browseRecords" time="12.605" classname="discovery.BrowseOnTest.Records_Of_TNA"/>
</testsuite> <!-- BrowseOnTest -->
