<?xml version="1.0" encoding="UTF-8"?>
<!-- Generated by org.testng.reporters.JUnitXMLReporter -->
<testsuite hostname="PR020921" ignored="0" name="DeliveryOption" tests="31" failures="0" timestamp="23 Nov 2017 11:00:39 GMT" time="391.214" errors="0">
  <testcase name="academicSubscription" time="14.171" classname="dicovery.DeliveryOption.AcademicSubscription"/>
  <testcase name="accessUnderReview" time="12.984" classname="dicovery.DeliveryOption.AccessUnderReview"/>
  <testcase name="AV_Media" time="13.417" classname="dicovery.DeliveryOption.AV_Media"/>
  <testcase name="closedFoiReview" time="10.875" classname="dicovery.DeliveryOption.ClosedFOIReview"/>
  <testcase name="closedRetainedDeptKnown" time="11.066" classname="dicovery.DeliveryOption.ClosedRetainedDeptKnown"/>
  <testcase name="closedRetainedDeptUnKnown" time="17.495" classname="dicovery.DeliveryOption.ClosedRetainedDeptUnKnown"/>
  <testcase name="collectionCare" time="16.891" classname="dicovery.DeliveryOption.Collectioncare"/>
  <testcase name="digitizedAvailableButNotDownlodableAtItemLevel" time="12.599" classname="dicovery.DeliveryOption.DigitizedAvailableButNotDownloadableAtItemLevel"/>
  <testcase name="digitizedAvailableButNotDownlodableAtPieceLevel" time="13.625" classname="dicovery.DeliveryOption.DigitizedAvailableButNotDownloadableAtPieceLevel"/>
  <testcase name="digitizedDiscovery" time="17.933" classname="dicovery.DeliveryOption.DigitizedDiscovery"/>
  <testcase name="digitizedDiscoveryForSurrogate" time="21.096" classname="dicovery.DeliveryOption.DigitizedDiscoveryForSurrogate"/>
  <testcase name="digitizedLia" time="11.424" classname="dicovery.DeliveryOption.DigitizedLia"/>
  <testcase name="digitizedOther" time="10.497" classname="dicovery.DeliveryOption.DigitizedOther"/>
  <testcase name="digitizedPartiallyOpened" time="7.809" classname="dicovery.DeliveryOption.DigitizedPartiallyOpened"/>
  <testcase name="displayAtMuseum" time="13.443" classname="dicovery.DeliveryOption.DisplayAtMuseum"/>
  <testcase name="fileAuthority" time="10.418" classname="dicovery.DeliveryOption.FileAuthority"/>
  <testcase name="govtWebArchive" time="10.568" classname="dicovery.DeliveryOption.GovtWebArchive"/>
  <testcase name="inUse" time="16.335" classname="dicovery.DeliveryOption.InUse"/>
  <testcase name="invigilationSafeRoom" time="12.808" classname="dicovery.DeliveryOption.InvigilationSafeRoom"/>
  <testcase name="localArchive" time="10.119" classname="dicovery.DeliveryOption.LocalArchive"/>
  <testcase name="missingLost" time="9.479" classname="dicovery.DeliveryOption.MissingLost"/>
  <testcase name="mouldTreatment" time="13.197" classname="dicovery.DeliveryOption.MouldTreatment"/>
  <testcase name="offsite" time="10.518" classname="dicovery.DeliveryOption.Offsite"/>
  <testcase name="onloan" time="9.803" classname="dicovery.DeliveryOption.Onloan"/>
  <testcase name="OrderOriginal" time="9.938" classname="dicovery.DeliveryOption.OrderOriginal"/>
  <testcase name="paidSearch" time="10.664" classname="dicovery.DeliveryOption.PaidSearch"/>
  <testcase name="surrogate" time="12.483" classname="dicovery.DeliveryOption.Surrogate"/>
  <testcase name="tooLargeToCopyOriginal" time="10.113" classname="dicovery.DeliveryOption.TooLargeToCopyOriginal"/>
  <testcase name="tooLargeToCopySurrogate" time="11.042" classname="dicovery.DeliveryOption.TooLargeToCopySurrogate"/>
  <testcase name="unAvailable" time="12.958" classname="dicovery.DeliveryOption.UnAvailable"/>
  <testcase name="unfit" time="15.409" classname="dicovery.DeliveryOption.Unfit"/>
</testsuite> <!-- DeliveryOption -->
