<?xml version="1.0" encoding="UTF-8"?>
<!-- Generated by org.testng.reporters.JUnitXMLReporter -->
<testsuite hostname="PR020921" ignored="0" name="DownlaodRecordOnTest" tests="3" failures="0" timestamp="23 Nov 2017 11:38:29 GMT" time="97.574" errors="0">
  <testcase name="verify_Download_ForStaff" time="40.49" classname="discovery.DownlaodRecordOnTest.Veriy_DownloadOption_ForStaff"/>
  <testcase name="verify_Download_InAccount" time="45.093" classname="discovery.DownlaodRecordOnTest.Veriy_DownloadOption_InAccount"/>
  <testcase name="verify_Download_OnConfirmationPage" time="11.984" classname="discovery.DownlaodRecordOnTest.Veriy_DownloadOption_OnConfirmationPage"/>
</testsuite> <!-- DownlaodRecordOnTest -->
