<?xml version="1.0" encoding="UTF-8"?>
<!-- Generated by org.testng.reporters.JUnitXMLReporter -->
<testsuite hostname="PR020921" ignored="0" name="Ecommerce" tests="8" failures="0" timestamp="23 Nov 2017 11:09:34 GMT" time="453.714" errors="0">
  <testcase name="CertifiedNaturalisationRequest" time="53.42" classname="discovery.Ecommerce.CertifiedNaturalisationRequest"/>
  <testcase name="DigitizedAddToBasket" time="37.535" classname="discovery.Ecommerce.DigitizedAddToBasket"/>
  <testcase name="Dsa1939registerClickNo" time="75.857" classname="discovery.Ecommerce.Dsa1939registerClickNo"/>
  <testcase name="Dsa1939registerClickYes" time="61.126" classname="discovery.Ecommerce.Dsa1939registerClickYes"/>
  <testcase name="Foi1939register" time="52.456" classname="discovery.Ecommerce.Foi1939register"/>
  <testcase name="PageCheckRequestACopy" time="61.401" classname="discovery.Ecommerce.PageCheckRequestACopy"/>
  <testcase name="HomeGuard" time="53.738" classname="discovery.Ecommerce.HomeGuard"/>
  <testcase name="WO416" time="58.169" classname="discovery.Ecommerce.WO416"/>
</testsuite> <!-- Ecommerce -->
