<?xml version="1.0" encoding="UTF-8"?>
<!-- Generated by org.testng.reporters.JUnitXMLReporter -->
<testsuite hostname="PR020921" ignored="0" name="FindAnAichiveOnTest" tests="14" failures="0" timestamp="23 Nov 2017 11:29:01 GMT" time="261.03" errors="0">
  <testcase name="BrowseCountryname" time="9.918" classname="discovery.FindAnAichiveOnTest.FA_BrowseByCountryName"/>
  <testcase name="BrowseCountryname2" time="9.776" classname="discovery.FindAnAichiveOnTest.FA_BrowseByCountryName"/>
  <testcase name="region" time="7.657" classname="discovery.FindAnAichiveOnTest.FA_ChooseRegion"/>
  <testcase name="region2" time="6.672" classname="discovery.FindAnAichiveOnTest.FA_ChooseRegion"/>
  <testcase name="region3" time="6.778" classname="discovery.FindAnAichiveOnTest.FA_ChooseRegion"/>
  <testcase name="FourthHomeNation" time="6.624" classname="discovery.FindAnAichiveOnTest.FA_HomeNation"/>
  <testcase name="ThirdHomeNation" time="6.723" classname="discovery.FindAnAichiveOnTest.FA_HomeNation"/>
  <testcase name="firstHomeNation" time="6.8" classname="discovery.FindAnAichiveOnTest.FA_HomeNation"/>
  <testcase name="secondHomeNation" time="6.718" classname="discovery.FindAnAichiveOnTest.FA_HomeNation"/>
  <testcase name="BrowseCountryname2" time="6.527" classname="discovery.FindAnAichiveOnTest.FA_UsingMap"/>
  <testcase name="usingmap" time="6.622" classname="discovery.FindAnAichiveOnTest.FA_UsingMap"/>
  <testcase name="Export1000RecordsAsXML" time="34.109" classname="discovery.FindAnAichiveOnTest.FA_Export1000RecordsAsXML"/>
  <testcase name="ExportAllRecordsAsCSV" time="28.435" classname="discovery.FindAnAichiveOnTest.FA_ExportAllRecordsAsCSV"/>
  <testcase name="ExportFirst1000RecordCreatorAsHTML" time="26.32" classname="discovery.FindAnAichiveOnTest.FA_ExportFirst1000RecordCreatorAsHTML"/>
</testsuite> <!-- FindAnAichiveOnTest -->
