<?xml version="1.0" encoding="UTF-8"?>
<!-- Generated by org.testng.reporters.JUnitXMLReporter -->
<testsuite hostname="PR020921" ignored="0" name="TagOnTest" tests="4" failures="0" timestamp="23 Nov 2017 11:35:01 GMT" time="82.086" errors="0">
  <testcase name="tag" time="29.442" classname="discovery.TagOnTest.AddTag"/>
  <testcase name="deleteTag" time="20.903" classname="discovery.TagOnTest.DeleteTag"/>
  <testcase name="removalRequest" time="11.685" classname="discovery.TagOnTest.SelfTagRemovalRequestNoSignIn"/>
  <testcase name="tag" time="20.049" classname="discovery.TagOnTest.StopListTag"/>
</testsuite> <!-- TagOnTest -->
